# JRE version: OpenJDK Runtime Environment (15.0.2+7) (build 15.0.2+7-27)
# Java VM: OpenJDK 64-Bit Server VM (15.0.2+7-27, mixed mode, sharing, tiered, compressed oops, g1 gc, windows-amd64)
GC Precious Log:
 CPUs: 8 total, 8 available
 Memory: 7069M
 Large Page Support: Disabled
 NUMA Support: Disabled
 Compressed Oops: Enabled (32-bit)
 Heap Region Size: 1M
 Heap Min Capacity: 8M
 Heap Initial Capacity: 112M
 Heap Max Capacity: 2G
 Pre-touch: Disabled
 Parallel Workers: 8
 Concurrent Workers: 2
 Concurrent Refinement Workers: 8
 Periodic GC: Disabled
Heap:
 garbage-first heap   total 344064K, used 183505K [0x0000000080000000, 0x0000000100000000)
  region size 1024K, 8 young (8192K), 6 survivors (6144K)
 Metaspace       used 113403K, capacity 114920K, committed 115120K, reserved 1148928K
  class space    used 14564K, capacity 15047K, committed 15104K, reserved 1048576K
GC Heap History (20 events):
Event: 22.650 GC heap before
{Heap before GC invocations=54 (full 0):
 garbage-first heap   total 286720K, used 212892K [0x0000000080000000, 0x0000000100000000)
  region size 1024K, 76 young (77824K), 2 survivors (2048K)
 Metaspace       used 91133K, capacity 92482K, committed 92720K, reserved 1130496K
  class space    used 11497K, capacity 11865K, committed 11904K, reserved 1048576K
}
Event: 22.661 GC heap after
{Heap after GC invocations=55 (full 0):
 garbage-first heap   total 286720K, used 141632K [0x0000000080000000, 0x0000000100000000)
  region size 1024K, 6 young (6144K), 6 survivors (6144K)
 Metaspace       used 91133K, capacity 92482K, committed 92720K, reserved 1130496K
  class space    used 11497K, capacity 11865K, committed 11904K, reserved 1048576K
}
Event: 24.104 GC heap before
{Heap before GC invocations=56 (full 0):
 garbage-first heap   total 286720K, used 194880K [0x0000000080000000, 0x0000000100000000)
  region size 1024K, 83 young (84992K), 6 survivors (6144K)
 Metaspace       used 91869K, capacity 93132K, committed 93360K, reserved 1130496K
  class space    used 11575K, capacity 11969K, committed 12032K, reserved 1048576K
}
Event: 24.127 GC heap after
{Heap after GC invocations=57 (full 0):
 garbage-first heap   total 286720K, used 128102K [0x0000000080000000, 0x0000000100000000)
  region size 1024K, 11 young (11264K), 11 survivors (11264K)
 Metaspace       used 91869K, capacity 93132K, committed 93360K, reserved 1130496K
  class space    used 11575K, capacity 11969K, committed 12032K, reserved 1048576K
}
Event: 24.647 GC heap before
{Heap before GC invocations=57 (full 0):
 garbage-first heap   total 286720K, used 214118K [0x0000000080000000, 0x0000000100000000)
  region size 1024K, 96 young (98304K), 11 survivors (11264K)
 Metaspace       used 91914K, capacity 93196K, committed 93360K, reserved 1130496K
  class space    used 11575K, capacity 11969K, committed 12032K, reserved 1048576K
}
Event: 24.661 GC heap after
{Heap after GC invocations=58 (full 0):
 garbage-first heap   total 344064K, used 133115K [0x0000000080000000, 0x0000000100000000)
  region size 1024K, 5 young (5120K), 5 survivors (5120K)
 Metaspace       used 91914K, capacity 93196K, committed 93360K, reserved 1130496K
  class space    used 11575K, capacity 11969K, committed 12032K, reserved 1048576K
}
Event: 25.697 GC heap before
{Heap before GC invocations=58 (full 0):
 garbage-first heap   total 344064K, used 270331K [0x0000000080000000, 0x0000000100000000)
  region size 1024K, 132 young (135168K), 5 survivors (5120K)
 Metaspace       used 97344K, capacity 98735K, committed 98736K, reserved 1134592K
  class space    used 12349K, capacity 12800K, committed 12800K, reserved 1048576K
}
Event: 25.723 GC heap after
{Heap after GC invocations=59 (full 0):
 garbage-first heap   total 344064K, used 157963K [0x0000000080000000, 0x0000000100000000)
  region size 1024K, 17 young (17408K), 17 survivors (17408K)
 Metaspace       used 97344K, capacity 98735K, committed 98736K, reserved 1134592K
  class space    used 12349K, capacity 12800K, committed 12800K, reserved 1048576K
}
Event: 27.010 GC heap before
{Heap before GC invocations=59 (full 0):
 garbage-first heap   total 344064K, used 259339K [0x0000000080000000, 0x0000000100000000)
  region size 1024K, 117 young (119808K), 17 survivors (17408K)
 Metaspace       used 103618K, capacity 105065K, committed 105136K, reserved 1140736K
  class space    used 13359K, capacity 13822K, committed 13824K, reserved 1048576K
}
Event: 27.047 GC heap after
{Heap after GC invocations=60 (full 0):
 garbage-first heap   total 344064K, used 167876K [0x0000000080000000, 0x0000000100000000)
  region size 1024K, 10 young (10240K), 10 survivors (10240K)
 Metaspace       used 103618K, capacity 105065K, committed 105136K, reserved 1140736K
  class space    used 13359K, capacity 13822K, committed 13824K, reserved 1048576K
}
Event: 27.891 GC heap before
{Heap before GC invocations=60 (full 0):
 garbage-first heap   total 344064K, used 266180K [0x0000000080000000, 0x0000000100000000)
  region size 1024K, 107 young (109568K), 10 survivors (10240K)
 Metaspace       used 104929K, capacity 106404K, committed 106672K, reserved 1142784K
  class space    used 13530K, capacity 13991K, committed 14080K, reserved 1048576K
}
Event: 27.904 GC heap after
{Heap after GC invocations=61 (full 0):
 garbage-first heap   total 344064K, used 168749K [0x0000000080000000, 0x0000000100000000)
  region size 1024K, 5 young (5120K), 5 survivors (5120K)
 Metaspace       used 104929K, capacity 106404K, committed 106672K, reserved 1142784K
  class space    used 13530K, capacity 13991K, committed 14080K, reserved 1048576K
}
Event: 28.975 GC heap before
{Heap before GC invocations=62 (full 0):
 garbage-first heap   total 344064K, used 278317K [0x0000000080000000, 0x0000000100000000)
  region size 1024K, 109 young (111616K), 5 survivors (5120K)
 Metaspace       used 106465K, capacity 107915K, committed 108080K, reserved 1142784K
  class space    used 13702K, capacity 14175K, committed 14208K, reserved 1048576K
}
Event: 28.986 GC heap after
{Heap after GC invocations=63 (full 0):
 garbage-first heap   total 344064K, used 169845K [0x0000000080000000, 0x0000000100000000)
  region size 1024K, 5 young (5120K), 5 survivors (5120K)
 Metaspace       used 106465K, capacity 107915K, committed 108080K, reserved 1142784K
  class space    used 13702K, capacity 14175K, committed 14208K, reserved 1048576K
}
Event: 29.078 GC heap before
{Heap before GC invocations=63 (full 0):
 garbage-first heap   total 344064K, used 181109K [0x0000000080000000, 0x0000000100000000)
  region size 1024K, 16 young (16384K), 5 survivors (5120K)
 Metaspace       used 106512K, capacity 107979K, committed 108080K, reserved 1142784K
  class space    used 13702K, capacity 14175K, committed 14208K, reserved 1048576K
}
Event: 29.088 GC heap after
{Heap after GC invocations=64 (full 0):
 garbage-first heap   total 344064K, used 137375K [0x0000000080000000, 0x0000000100000000)
  region size 1024K, 2 young (2048K), 2 survivors (2048K)
 Metaspace       used 106512K, capacity 107979K, committed 108080K, reserved 1142784K
  class space    used 13702K, capacity 14175K, committed 14208K, reserved 1048576K
}
Event: 30.718 GC heap before
{Heap before GC invocations=64 (full 0):
 garbage-first heap   total 344064K, used 293023K [0x0000000080000000, 0x0000000100000000)
  region size 1024K, 138 young (141312K), 2 survivors (2048K)
 Metaspace       used 108112K, capacity 109576K, committed 109872K, reserved 1144832K
  class space    used 13901K, capacity 14351K, committed 14464K, reserved 1048576K
}
Event: 30.738 GC heap after
{Heap after GC invocations=65 (full 0):
 garbage-first heap   total 344064K, used 162419K [0x0000000080000000, 0x0000000100000000)
  region size 1024K, 17 young (17408K), 17 survivors (17408K)
 Metaspace       used 108112K, capacity 109576K, committed 109872K, reserved 1144832K
  class space    used 13901K, capacity 14351K, committed 14464K, reserved 1048576K
}
Event: 32.100 GC heap before
{Heap before GC invocations=65 (full 0):
 garbage-first heap   total 344064K, used 228979K [0x0000000080000000, 0x0000000100000000)
  region size 1024K, 76 young (77824K), 17 survivors (17408K)
 Metaspace       used 113379K, capacity 114920K, committed 115120K, reserved 1148928K
  class space    used 14562K, capacity 15047K, committed 15104K, reserved 1048576K
}
Event: 32.112 GC heap after
{Heap after GC invocations=66 (full 0):
 garbage-first heap   total 344064K, used 154833K [0x0000000080000000, 0x0000000100000000)
  region size 1024K, 6 young (6144K), 6 survivors (6144K)
 Metaspace       used 113379K, capacity 114920K, committed 115120K, reserved 1148928K
  class space    used 14562K, capacity 15047K, committed 15104K, reserved 1048576K
}

