# JRE version: OpenJDK Runtime Environment (15.0.2+7) (build 15.0.2+7-27)
# Java VM: OpenJDK 64-Bit Server VM (15.0.2+7-27, mixed mode, sharing, tiered, compressed oops, g1 gc, windows-amd64)
GC Precious Log:
 CPUs: 8 total, 8 available
 Memory: 7069M
 Large Page Support: Disabled
 NUMA Support: Disabled
 Compressed Oops: Enabled (32-bit)
 Heap Region Size: 1M
 Heap Min Capacity: 8M
 Heap Initial Capacity: 112M
 Heap Max Capacity: 2G
 Pre-touch: Disabled
 Parallel Workers: 8
 Concurrent Workers: 2
 Concurrent Refinement Workers: 8
 Periodic GC: Disabled
Heap:
 garbage-first heap   total 499712K, used 350762K [0x0000000080000000, 0x0000000100000000)
  region size 1024K, 154 young (157696K), 12 survivors (12288K)
 Metaspace       used 165041K, capacity 167629K, committed 169776K, reserved 1198080K
  class space    used 19882K, capacity 20599K, committed 21120K, reserved 1048576K
GC Heap History (20 events):
Event: 2319.934 GC heap before
{Heap before GC invocations=130 (full 0):
 garbage-first heap   total 373760K, used 281600K [0x0000000080000000, 0x0000000100000000)
  region size 1024K, 80 young (81920K), 14 survivors (14336K)
 Metaspace       used 164328K, capacity 166947K, committed 169776K, reserved 1198080K
  class space    used 19871K, capacity 20565K, committed 21120K, reserved 1048576K
}
Event: 2319.958 GC heap after
{Heap after GC invocations=131 (full 0):
 garbage-first heap   total 373760K, used 243200K [0x0000000080000000, 0x0000000100000000)
  region size 1024K, 10 young (10240K), 10 survivors (10240K)
 Metaspace       used 164328K, capacity 166947K, committed 169776K, reserved 1198080K
  class space    used 19871K, capacity 20565K, committed 21120K, reserved 1048576K
}
Event: 2319.983 GC heap before
{Heap before GC invocations=131 (full 0):
 garbage-first heap   total 373760K, used 251392K [0x0000000080000000, 0x0000000100000000)
  region size 1024K, 18 young (18432K), 10 survivors (10240K)
 Metaspace       used 164328K, capacity 166947K, committed 169776K, reserved 1198080K
  class space    used 19871K, capacity 20565K, committed 21120K, reserved 1048576K
}
Event: 2320.031 GC heap after
{Heap after GC invocations=132 (full 0):
 garbage-first heap   total 373760K, used 236032K [0x0000000080000000, 0x0000000100000000)
  region size 1024K, 3 young (3072K), 3 survivors (3072K)
 Metaspace       used 164328K, capacity 166947K, committed 169776K, reserved 1198080K
  class space    used 19871K, capacity 20565K, committed 21120K, reserved 1048576K
}
Event: 2320.230 GC heap before
{Heap before GC invocations=132 (full 0):
 garbage-first heap   total 373760K, used 286208K [0x0000000080000000, 0x0000000100000000)
  region size 1024K, 52 young (53248K), 3 survivors (3072K)
 Metaspace       used 164346K, capacity 167011K, committed 169776K, reserved 1198080K
  class space    used 19871K, capacity 20565K, committed 21120K, reserved 1048576K
}
Event: 2320.263 GC heap after
{Heap after GC invocations=133 (full 0):
 garbage-first heap   total 373760K, used 264192K [0x0000000080000000, 0x0000000100000000)
  region size 1024K, 7 young (7168K), 7 survivors (7168K)
 Metaspace       used 164346K, capacity 167011K, committed 169776K, reserved 1198080K
  class space    used 19871K, capacity 20565K, committed 21120K, reserved 1048576K
}
Event: 2320.428 GC heap before
{Heap before GC invocations=133 (full 0):
 garbage-first heap   total 373760K, used 289792K [0x0000000080000000, 0x0000000100000000)
  region size 1024K, 32 young (32768K), 7 survivors (7168K)
 Metaspace       used 164379K, capacity 167011K, committed 169776K, reserved 1198080K
  class space    used 19873K, capacity 20565K, committed 21120K, reserved 1048576K
}
Event: 2320.451 GC heap after
{Heap after GC invocations=134 (full 0):
 garbage-first heap   total 373760K, used 269824K [0x0000000080000000, 0x0000000100000000)
  region size 1024K, 4 young (4096K), 4 survivors (4096K)
 Metaspace       used 164379K, capacity 167011K, committed 169776K, reserved 1198080K
  class space    used 19873K, capacity 20565K, committed 21120K, reserved 1048576K
}
Event: 2320.810 GC heap before
{Heap before GC invocations=135 (full 0):
 garbage-first heap   total 432128K, used 274944K [0x0000000080000000, 0x0000000100000000)
  region size 1024K, 30 young (30720K), 4 survivors (4096K)
 Metaspace       used 164409K, capacity 167011K, committed 169776K, reserved 1198080K
  class space    used 19873K, capacity 20565K, committed 21120K, reserved 1048576K
}
Event: 2320.816 GC heap after
{Heap after GC invocations=136 (full 0):
 garbage-first heap   total 432128K, used 252845K [0x0000000080000000, 0x0000000100000000)
  region size 1024K, 3 young (3072K), 3 survivors (3072K)
 Metaspace       used 164409K, capacity 167011K, committed 169776K, reserved 1198080K
  class space    used 19873K, capacity 20565K, committed 21120K, reserved 1048576K
}
Event: 2320.983 GC heap before
{Heap before GC invocations=136 (full 0):
 garbage-first heap   total 432128K, used 271277K [0x0000000080000000, 0x0000000100000000)
  region size 1024K, 21 young (21504K), 3 survivors (3072K)
 Metaspace       used 164439K, capacity 167075K, committed 169776K, reserved 1198080K
  class space    used 19873K, capacity 20565K, committed 21120K, reserved 1048576K
}
Event: 2321.013 GC heap after
{Heap after GC invocations=137 (full 0):
 garbage-first heap   total 432128K, used 235963K [0x0000000080000000, 0x0000000100000000)
  region size 1024K, 2 young (2048K), 2 survivors (2048K)
 Metaspace       used 164439K, capacity 167075K, committed 169776K, reserved 1198080K
  class space    used 19873K, capacity 20565K, committed 21120K, reserved 1048576K
}
Event: 2322.457 GC heap before
{Heap before GC invocations=137 (full 0):
 garbage-first heap   total 432128K, used 313787K [0x0000000080000000, 0x0000000100000000)
  region size 1024K, 80 young (81920K), 2 survivors (2048K)
 Metaspace       used 164554K, capacity 167145K, committed 169776K, reserved 1198080K
  class space    used 19873K, capacity 20566K, committed 21120K, reserved 1048576K
}
Event: 2322.472 GC heap after
{Heap after GC invocations=138 (full 0):
 garbage-first heap   total 432128K, used 239218K [0x0000000080000000, 0x0000000100000000)
  region size 1024K, 5 young (5120K), 5 survivors (5120K)
 Metaspace       used 164554K, capacity 167145K, committed 169776K, reserved 1198080K
  class space    used 19873K, capacity 20566K, committed 21120K, reserved 1048576K
}
Event: 2323.126 GC heap before
{Heap before GC invocations=139 (full 0):
 garbage-first heap   total 432128K, used 296562K [0x0000000080000000, 0x0000000100000000)
  region size 1024K, 92 young (94208K), 5 survivors (5120K)
 Metaspace       used 164660K, capacity 167210K, committed 169776K, reserved 1198080K
  class space    used 19875K, capacity 20566K, committed 21120K, reserved 1048576K
}
Event: 2323.148 GC heap after
{Heap after GC invocations=140 (full 0):
 garbage-first heap   total 432128K, used 220423K [0x0000000080000000, 0x0000000100000000)
  region size 1024K, 12 young (12288K), 12 survivors (12288K)
 Metaspace       used 164660K, capacity 167210K, committed 169776K, reserved 1198080K
  class space    used 19875K, capacity 20566K, committed 21120K, reserved 1048576K
}
Event: 2323.186 GC heap before
{Heap before GC invocations=140 (full 0):
 garbage-first heap   total 432128K, used 228615K [0x0000000080000000, 0x0000000100000000)
  region size 1024K, 21 young (21504K), 12 survivors (12288K)
 Metaspace       used 164683K, capacity 167210K, committed 169776K, reserved 1198080K
  class space    used 19875K, capacity 20566K, committed 21120K, reserved 1048576K
}
Event: 2323.220 GC heap after
{Heap after GC invocations=141 (full 0):
 garbage-first heap   total 432128K, used 196809K [0x0000000080000000, 0x0000000100000000)
  region size 1024K, 3 young (3072K), 3 survivors (3072K)
 Metaspace       used 164683K, capacity 167210K, committed 169776K, reserved 1198080K
  class space    used 19875K, capacity 20566K, committed 21120K, reserved 1048576K
}
Event: 2323.726 GC heap before
{Heap before GC invocations=141 (full 0):
 garbage-first heap   total 432128K, used 309449K [0x0000000080000000, 0x0000000100000000)
  region size 1024K, 114 young (116736K), 3 survivors (3072K)
 Metaspace       used 164874K, capacity 167434K, committed 169776K, reserved 1198080K
  class space    used 19881K, capacity 20598K, committed 21120K, reserved 1048576K
}
Event: 2323.756 GC heap after
{Heap after GC invocations=142 (full 0):
 garbage-first heap   total 499712K, used 206378K [0x0000000080000000, 0x0000000100000000)
  region size 1024K, 12 young (12288K), 12 survivors (12288K)
 Metaspace       used 164874K, capacity 167434K, committed 169776K, reserved 1198080K
  class space    used 19881K, capacity 20598K, committed 21120K, reserved 1048576K
}

