# JRE version: OpenJDK Runtime Environment (15.0.2+7) (build 15.0.2+7-27)
# Java VM: OpenJDK 64-Bit Server VM (15.0.2+7-27, mixed mode, sharing, tiered, compressed oops, g1 gc, windows-amd64)
GC Precious Log:
 CPUs: 8 total, 8 available
 Memory: 7069M
 Large Page Support: Disabled
 NUMA Support: Disabled
 Compressed Oops: Enabled (32-bit)
 Heap Region Size: 1M
 Heap Min Capacity: 8M
 Heap Initial Capacity: 112M
 Heap Max Capacity: 2G
 Pre-touch: Disabled
 Parallel Workers: 8
 Concurrent Workers: 2
 Concurrent Refinement Workers: 8
 Periodic GC: Disabled
Heap:
 garbage-first heap   total 353280K, used 210633K [0x0000000080000000, 0x0000000100000000)
  region size 1024K, 18 young (18432K), 12 survivors (12288K)
 Metaspace       used 131993K, capacity 134249K, committed 134448K, reserved 1167360K
  class space    used 16479K, capacity 17191K, committed 17280K, reserved 1048576K
GC Heap History (20 events):
Event: 1616.773 GC heap before
{Heap before GC invocations=71 (full 0):
 garbage-first heap   total 318464K, used 186742K [0x0000000080000000, 0x0000000100000000)
  region size 1024K, 15 young (15360K), 6 survivors (6144K)
 Metaspace       used 111686K, capacity 113695K, committed 113840K, reserved 1148928K
  class space    used 14417K, capacity 15021K, committed 15104K, reserved 1048576K
}
Event: 1616.812 GC heap after
{Heap after GC invocations=72 (full 0):
 garbage-first heap   total 318464K, used 163203K [0x0000000080000000, 0x0000000100000000)
  region size 1024K, 2 young (2048K), 2 survivors (2048K)
 Metaspace       used 111686K, capacity 113695K, committed 113840K, reserved 1148928K
  class space    used 14417K, capacity 15021K, committed 15104K, reserved 1048576K
}
Event: 1635.386 GC heap before
{Heap before GC invocations=72 (full 0):
 garbage-first heap   total 318464K, used 251267K [0x0000000080000000, 0x0000000100000000)
  region size 1024K, 89 young (91136K), 2 survivors (2048K)
 Metaspace       used 115590K, capacity 117733K, committed 118064K, reserved 1153024K
  class space    used 14755K, capacity 15379K, committed 15488K, reserved 1048576K
}
Event: 1635.401 GC heap after
{Heap after GC invocations=73 (full 0):
 garbage-first heap   total 318464K, used 169979K [0x0000000080000000, 0x0000000100000000)
  region size 1024K, 9 young (9216K), 9 survivors (9216K)
 Metaspace       used 115590K, capacity 117733K, committed 118064K, reserved 1153024K
  class space    used 14755K, capacity 15379K, committed 15488K, reserved 1048576K
}
Event: 1663.287 GC heap before
{Heap before GC invocations=74 (full 0):
 garbage-first heap   total 318464K, used 242683K [0x0000000080000000, 0x0000000100000000)
  region size 1024K, 92 young (94208K), 9 survivors (9216K)
 Metaspace       used 115855K, capacity 117984K, committed 118320K, reserved 1153024K
  class space    used 14772K, capacity 15403K, committed 15488K, reserved 1048576K
}
Event: 1663.299 GC heap after
{Heap after GC invocations=75 (full 0):
 garbage-first heap   total 318464K, used 159120K [0x0000000080000000, 0x0000000100000000)
  region size 1024K, 6 young (6144K), 6 survivors (6144K)
 Metaspace       used 115855K, capacity 117984K, committed 118320K, reserved 1153024K
  class space    used 14772K, capacity 15403K, committed 15488K, reserved 1048576K
}
Event: 1663.406 GC heap before
{Heap before GC invocations=75 (full 0):
 garbage-first heap   total 318464K, used 167312K [0x0000000080000000, 0x0000000100000000)
  region size 1024K, 15 young (15360K), 6 survivors (6144K)
 Metaspace       used 115857K, capacity 117984K, committed 118320K, reserved 1153024K
  class space    used 14773K, capacity 15403K, committed 15488K, reserved 1048576K
}
Event: 1663.421 GC heap after
{Heap after GC invocations=76 (full 0):
 garbage-first heap   total 318464K, used 136522K [0x0000000080000000, 0x0000000100000000)
  region size 1024K, 2 young (2048K), 2 survivors (2048K)
 Metaspace       used 115857K, capacity 117984K, committed 118320K, reserved 1153024K
  class space    used 14773K, capacity 15403K, committed 15488K, reserved 1048576K
}
Event: 1666.254 GC heap before
{Heap before GC invocations=76 (full 0):
 garbage-first heap   total 318464K, used 251210K [0x0000000080000000, 0x0000000100000000)
  region size 1024K, 115 young (117760K), 2 survivors (2048K)
 Metaspace       used 116599K, capacity 118666K, committed 118832K, reserved 1153024K
  class space    used 14838K, capacity 15438K, committed 15488K, reserved 1048576K
}
Event: 1666.280 GC heap after
{Heap after GC invocations=77 (full 0):
 garbage-first heap   total 318464K, used 153600K [0x0000000080000000, 0x0000000100000000)
  region size 1024K, 15 young (15360K), 15 survivors (15360K)
 Metaspace       used 116599K, capacity 118666K, committed 118832K, reserved 1153024K
  class space    used 14838K, capacity 15438K, committed 15488K, reserved 1048576K
}
Event: 1666.927 GC heap before
{Heap before GC invocations=78 (full 0):
 garbage-first heap   total 318464K, used 249856K [0x0000000080000000, 0x0000000100000000)
  region size 1024K, 110 young (112640K), 15 survivors (15360K)
 Metaspace       used 116872K, capacity 118998K, committed 119216K, reserved 1153024K
  class space    used 14858K, capacity 15504K, committed 15616K, reserved 1048576K
}
Event: 1666.936 GC heap after
{Heap after GC invocations=79 (full 0):
 garbage-first heap   total 318464K, used 150539K [0x0000000080000000, 0x0000000100000000)
  region size 1024K, 3 young (3072K), 3 survivors (3072K)
 Metaspace       used 116872K, capacity 118998K, committed 119216K, reserved 1153024K
  class space    used 14858K, capacity 15504K, committed 15616K, reserved 1048576K
}
Event: 1667.046 GC heap before
{Heap before GC invocations=79 (full 0):
 garbage-first heap   total 318464K, used 161803K [0x0000000080000000, 0x0000000100000000)
  region size 1024K, 15 young (15360K), 3 survivors (3072K)
 Metaspace       used 117170K, capacity 119286K, committed 119472K, reserved 1153024K
  class space    used 14899K, capacity 15536K, committed 15616K, reserved 1048576K
}
Event: 1667.066 GC heap after
{Heap after GC invocations=80 (full 0):
 garbage-first heap   total 318464K, used 137391K [0x0000000080000000, 0x0000000100000000)
  region size 1024K, 2 young (2048K), 2 survivors (2048K)
 Metaspace       used 117170K, capacity 119286K, committed 119472K, reserved 1153024K
  class space    used 14899K, capacity 15536K, committed 15616K, reserved 1048576K
}
Event: 1668.914 GC heap before
{Heap before GC invocations=80 (full 0):
 garbage-first heap   total 318464K, used 219311K [0x0000000080000000, 0x0000000100000000)
  region size 1024K, 84 young (86016K), 2 survivors (2048K)
 Metaspace       used 124973K, capacity 127219K, committed 127536K, reserved 1161216K
  class space    used 15812K, capacity 16447K, committed 16512K, reserved 1048576K
}
Event: 1668.933 GC heap after
{Heap after GC invocations=81 (full 0):
 garbage-first heap   total 318464K, used 154374K [0x0000000080000000, 0x0000000100000000)
  region size 1024K, 15 young (15360K), 15 survivors (15360K)
 Metaspace       used 124973K, capacity 127219K, committed 127536K, reserved 1161216K
  class space    used 15812K, capacity 16447K, committed 16512K, reserved 1048576K
}
Event: 1671.716 GC heap before
{Heap before GC invocations=82 (full 0):
 garbage-first heap   total 318464K, used 253702K [0x0000000080000000, 0x0000000100000000)
  region size 1024K, 110 young (112640K), 15 survivors (15360K)
 Metaspace       used 129540K, capacity 131875K, committed 132144K, reserved 1165312K
  class space    used 16270K, capacity 16998K, committed 17024K, reserved 1048576K
}
Event: 1671.745 GC heap after
{Heap after GC invocations=83 (full 0):
 garbage-first heap   total 318464K, used 174844K [0x0000000080000000, 0x0000000100000000)
  region size 1024K, 14 young (14336K), 14 survivors (14336K)
 Metaspace       used 129540K, capacity 131875K, committed 132144K, reserved 1165312K
  class space    used 16270K, capacity 16998K, committed 17024K, reserved 1048576K
}
Event: 1672.280 GC heap before
{Heap before GC invocations=83 (full 0):
 garbage-first heap   total 318464K, used 214780K [0x0000000080000000, 0x0000000100000000)
  region size 1024K, 55 young (56320K), 14 survivors (14336K)
 Metaspace       used 130412K, capacity 132681K, committed 133040K, reserved 1165312K
  class space    used 16341K, capacity 17031K, committed 17152K, reserved 1048576K
}
Event: 1672.308 GC heap after
{Heap after GC invocations=84 (full 0):
 garbage-first heap   total 318464K, used 204489K [0x0000000080000000, 0x0000000100000000)
  region size 1024K, 12 young (12288K), 12 survivors (12288K)
 Metaspace       used 130412K, capacity 132681K, committed 133040K, reserved 1165312K
  class space    used 16341K, capacity 17031K, committed 17152K, reserved 1048576K
}

