# JRE version: OpenJDK Runtime Environment (11.0.10) (build 11.0.10+0-b96-7249189)
# Java VM: OpenJDK 64-Bit Server VM (11.0.10+0-b96-7249189, mixed mode, tiered, compressed oops, g1 gc, windows-amd64)
Heap:
 garbage-first heap   total 473088K, used 292199K [0x0000000080000000, 0x0000000100000000)
  region size 1024K, 117 young (119808K), 11 survivors (11264K)
 Metaspace       used 136799K, capacity 140759K, committed 140872K, reserved 1171456K
  class space    used 16960K, capacity 18367K, committed 18432K, reserved 1048576K
GC Heap History (20 events):
Event: 2182.963 GC heap before
{Heap before GC invocations=130 (full 0):
 garbage-first heap   total 199680K, used 159246K [0x0000000080000000, 0x0000000100000000)
  region size 1024K, 43 young (44032K), 2 survivors (2048K)
 Metaspace       used 123927K, capacity 127257K, committed 127560K, reserved 1161216K
  class space    used 15069K, capacity 16241K, committed 16384K, reserved 1048576K
}
Event: 2182.978 GC heap after
{Heap after GC invocations=131 (full 0):
 garbage-first heap   total 258048K, used 120831K [0x0000000080000000, 0x0000000100000000)
  region size 1024K, 4 young (4096K), 4 survivors (4096K)
 Metaspace       used 123927K, capacity 127257K, committed 127560K, reserved 1161216K
  class space    used 15069K, capacity 16241K, committed 16384K, reserved 1048576K
}
Event: 2184.824 GC heap before
{Heap before GC invocations=132 (full 0):
 garbage-first heap   total 258048K, used 190463K [0x0000000080000000, 0x0000000100000000)
  region size 1024K, 73 young (74752K), 4 survivors (4096K)
 Metaspace       used 127326K, capacity 130714K, committed 131016K, reserved 1163264K
  class space    used 15490K, capacity 16665K, committed 16768K, reserved 1048576K
}
Event: 2184.837 GC heap after
{Heap after GC invocations=133 (full 0):
 garbage-first heap   total 258048K, used 123615K [0x0000000080000000, 0x0000000100000000)
  region size 1024K, 7 young (7168K), 7 survivors (7168K)
 Metaspace       used 127326K, capacity 130714K, committed 131016K, reserved 1163264K
  class space    used 15490K, capacity 16665K, committed 16768K, reserved 1048576K
}
Event: 2184.940 GC heap before
{Heap before GC invocations=133 (full 0):
 garbage-first heap   total 258048K, used 128735K [0x0000000080000000, 0x0000000100000000)
  region size 1024K, 12 young (12288K), 7 survivors (7168K)
 Metaspace       used 127328K, capacity 130714K, committed 131016K, reserved 1163264K
  class space    used 15490K, capacity 16665K, committed 16768K, reserved 1048576K
}
Event: 2184.954 GC heap after
{Heap after GC invocations=134 (full 0):
 garbage-first heap   total 258048K, used 120582K [0x0000000080000000, 0x0000000100000000)
  region size 1024K, 1 young (1024K), 1 survivors (1024K)
 Metaspace       used 127328K, capacity 130714K, committed 131016K, reserved 1163264K
  class space    used 15490K, capacity 16665K, committed 16768K, reserved 1048576K
}
Event: 2186.359 GC heap before
{Heap before GC invocations=134 (full 0):
 garbage-first heap   total 258048K, used 192262K [0x0000000080000000, 0x0000000100000000)
  region size 1024K, 72 young (73728K), 1 survivors (1024K)
 Metaspace       used 128354K, capacity 131804K, committed 131912K, reserved 1165312K
  class space    used 15612K, capacity 16828K, committed 16896K, reserved 1048576K
}
Event: 2186.398 GC heap after
{Heap after GC invocations=135 (full 0):
 garbage-first heap   total 258048K, used 125513K [0x0000000080000000, 0x0000000100000000)
  region size 1024K, 6 young (6144K), 6 survivors (6144K)
 Metaspace       used 128354K, capacity 131804K, committed 131912K, reserved 1165312K
  class space    used 15612K, capacity 16828K, committed 16896K, reserved 1048576K
}
Event: 2186.982 GC heap before
{Heap before GC invocations=136 (full 0):
 garbage-first heap   total 258048K, used 199241K [0x0000000080000000, 0x0000000100000000)
  region size 1024K, 78 young (79872K), 6 survivors (6144K)
 Metaspace       used 129186K, capacity 132608K, committed 132808K, reserved 1165312K
  class space    used 15738K, capacity 16957K, committed 17024K, reserved 1048576K
}
Event: 2186.998 GC heap after
{Heap after GC invocations=137 (full 0):
 garbage-first heap   total 332800K, used 125989K [0x0000000080000000, 0x0000000100000000)
  region size 1024K, 5 young (5120K), 5 survivors (5120K)
 Metaspace       used 129186K, capacity 132608K, committed 132808K, reserved 1165312K
  class space    used 15738K, capacity 16957K, committed 17024K, reserved 1048576K
}
Event: 2187.055 GC heap before
{Heap before GC invocations=137 (full 0):
 garbage-first heap   total 332800K, used 136229K [0x0000000080000000, 0x0000000100000000)
  region size 1024K, 16 young (16384K), 5 survivors (5120K)
 Metaspace       used 129319K, capacity 132784K, committed 133064K, reserved 1165312K
  class space    used 15756K, capacity 16993K, committed 17024K, reserved 1048576K
}
Event: 2187.062 GC heap after
{Heap after GC invocations=138 (full 0):
 garbage-first heap   total 332800K, used 127593K [0x0000000080000000, 0x0000000100000000)
  region size 1024K, 2 young (2048K), 2 survivors (2048K)
 Metaspace       used 129319K, capacity 132784K, committed 133064K, reserved 1165312K
  class space    used 15756K, capacity 16993K, committed 17024K, reserved 1048576K
}
Event: 2188.345 GC heap before
{Heap before GC invocations=138 (full 0):
 garbage-first heap   total 332800K, used 229993K [0x0000000080000000, 0x0000000100000000)
  region size 1024K, 103 young (105472K), 2 survivors (2048K)
 Metaspace       used 131293K, capacity 134940K, committed 135240K, reserved 1167360K
  class space    used 16026K, capacity 17312K, committed 17408K, reserved 1048576K
}
Event: 2188.404 GC heap after
{Heap after GC invocations=139 (full 0):
 garbage-first heap   total 332800K, used 151826K [0x0000000080000000, 0x0000000100000000)
  region size 1024K, 13 young (13312K), 13 survivors (13312K)
 Metaspace       used 131293K, capacity 134940K, committed 135240K, reserved 1167360K
  class space    used 16026K, capacity 17312K, committed 17408K, reserved 1048576K
}
Event: 2188.879 GC heap before
{Heap before GC invocations=140 (full 0):
 garbage-first heap   total 332800K, used 240914K [0x0000000080000000, 0x0000000100000000)
  region size 1024K, 101 young (103424K), 13 survivors (13312K)
 Metaspace       used 132091K, capacity 135713K, committed 135752K, reserved 1167360K
  class space    used 16117K, capacity 17396K, committed 17408K, reserved 1048576K
}
Event: 2188.931 GC heap after
{Heap after GC invocations=141 (full 0):
 garbage-first heap   total 332800K, used 171008K [0x0000000080000000, 0x0000000100000000)
  region size 1024K, 13 young (13312K), 13 survivors (13312K)
 Metaspace       used 132091K, capacity 135713K, committed 135752K, reserved 1167360K
  class space    used 16117K, capacity 17396K, committed 17408K, reserved 1048576K
}
Event: 2188.947 GC heap before
{Heap before GC invocations=141 (full 0):
 garbage-first heap   total 332800K, used 174080K [0x0000000080000000, 0x0000000100000000)
  region size 1024K, 16 young (16384K), 13 survivors (13312K)
 Metaspace       used 132147K, capacity 135734K, committed 135752K, reserved 1167360K
  class space    used 16125K, capacity 17403K, committed 17408K, reserved 1048576K
}
Event: 2188.970 GC heap after
{Heap after GC invocations=142 (full 0):
 garbage-first heap   total 332800K, used 169741K [0x0000000080000000, 0x0000000100000000)
  region size 1024K, 2 young (2048K), 2 survivors (2048K)
 Metaspace       used 132147K, capacity 135734K, committed 135752K, reserved 1167360K
  class space    used 16125K, capacity 17403K, committed 17408K, reserved 1048576K
}
Event: 2189.166 GC heap before
{Heap before GC invocations=142 (full 0):
 garbage-first heap   total 332800K, used 252685K [0x0000000080000000, 0x0000000100000000)
  region size 1024K, 83 young (84992K), 2 survivors (2048K)
 Metaspace       used 132926K, capacity 136722K, committed 136776K, reserved 1169408K
  class space    used 16291K, capacity 17643K, committed 17664K, reserved 1048576K
}
Event: 2189.198 GC heap after
{Heap after GC invocations=143 (full 0):
 garbage-first heap   total 473088K, used 184679K [0x0000000080000000, 0x0000000100000000)
  region size 1024K, 11 young (11264K), 11 survivors (11264K)
 Metaspace       used 132926K, capacity 136722K, committed 136776K, reserved 1169408K
  class space    used 16291K, capacity 17643K, committed 17664K, reserved 1048576K
}

